DEBUG:root:This message should go to the log file
INFO:root:So should this
WARNING:root:And this, too
ERROR:root:And non-ASCII stuff, too, like Øresund and Malmö
INFO:root:Successful Login attempt from: yeduguri@terpmail.umd.edu
INFO:root:Logged out successfully
INFO:root:Unsuccessful Login attempt from: saiyeduguri@gmail.com
INFO:django.utils.autoreload:C:\Users\91944\projects\django-projects\ENPM809WFall2023Project-yeduguri\seccoding\ecr\views.py changed, reloading.
DEBUG:root:This message should go to the log file
INFO:root:So should this
WARNING:root:And this, too
ERROR:root:And non-ASCII stuff, too, like Øresund and Malmö
INFO:django.utils.autoreload:C:\Users\91944\projects\django-projects\ENPM809WFall2023Project-yeduguri\seccoding\ecr\views.py changed, reloading.
2023-11-15 10:17:01 - DEBUG - This message should go to the log file
2023-11-15 10:17:01 - INFO - So should this
2023-11-15 10:17:01 - WARNING - And this, too
2023-11-15 10:17:01 - ERROR - And non-ASCII stuff, too, like Øresund and Malmö
2023-11-15 10:17:10 - INFO - Unsuccessful Login attempt from: saiyeduguri@gmail.com
2023-11-15 10:17:38 - INFO - C:\Users\91944\projects\django-projects\ENPM809WFall2023Project-yeduguri\seccoding\ecr\views.py changed, reloading.
2023-11-15 10:17:57 - INFO - C:\Users\91944\projects\django-projects\ENPM809WFall2023Project-yeduguri\seccoding\ecr\views.py changed, reloading.
